Thu Jun 29 06:27:54 2023: custom errorProcessing error 403: FUNC=send_normal_message CHAT=6205889059 USER=no-user MSGID=message qweqweqweqwe ERTXT=Forbidden: bot can't send messages to bots
Thu Jul  6 04:50:12 2023: debug_checks: start: bashbot.sh start
Thu Jul  6 04:50:12 2023: debug_checks: start: bashbot.sh startbot
Thu Jul  6 04:50:13 2023: debug_checks: end start: bashbot.sh start
Thu Jul  6 04:50:45 2023: debug_checks: start: bashbot.sh start
Thu Jul  6 04:50:46 2023: debug_checks: start: bashbot.sh startbot
Thu Jul  6 04:54:41 2023: debug_checks: start: bashbot.sh start
Thu Jul  6 04:54:41 2023: debug_checks: start: bashbot.sh startbot
Thu Jul  6 04:54:42 2023: debug_checks: end start: bashbot.sh start
Thu Jul  6 04:56:33 2023: debug_checks: start: bashbot.sh start
Thu Jul  6 04:56:33 2023: debug_checks: start: bashbot.sh startbot
Thu Jul  6 04:59:15 2023: debug_checks: start: bashbot.sh start
Thu Jul  6 04:59:15 2023: debug_checks: start: bashbot.sh startbot
Thu Jul  6 04:59:16 2023: debug_checks: end start: bashbot.sh start
Thu Jul  6 04:59:25 2023: debug_checks: start: bashbot.sh start
Thu Jul  6 04:59:25 2023: debug_checks: start: bashbot.sh startbot
Thu Jul  6 05:12:29 2023: debug_checks: start: bashbot.sh start
Thu Jul  6 05:12:29 2023: debug_checks: start: bashbot.sh startbot
Thu Jul  6 05:12:30 2023: debug_checks: end start: bashbot.sh start
Thu Jul  6 05:21:00 2023: debug_checks: start: bashbot.sh start
Thu Jul  6 05:21:00 2023: debug_checks: start: bashbot.sh startbot
Thu Jul  6 05:21:07 2023: debug_checks: start: bashbot.sh start
Thu Jul  6 05:21:07 2023: debug_checks: start: bashbot.sh startbot
Thu Jul  6 05:21:15 2023: debug_checks: start: bashbot.sh start
Thu Jul  6 05:21:15 2023: debug_checks: start: bashbot.sh startbot
Thu Jul  6 05:26:06 2023: debug_checks: start: bashbot.sh start
Thu Jul  6 05:26:07 2023: debug_checks: start: bashbot.sh startbot
Thu Jul  6 05:26:08 2023: debug_checks: end start: bashbot.sh start
Thu Jul  6 05:26:24 2023: debug_checks: start: bashbot.sh start
Thu Jul  6 05:26:24 2023: debug_checks: start: bashbot.sh startbot
Thu Jul  6 05:26:29 2023: debug_checks: start: bashbot.sh start
Thu Jul  6 05:26:29 2023: debug_checks: start: bashbot.sh startbot
Thu Jul  6 05:27:02 2023: debug_checks: start: bashbot.sh start
Thu Jul  6 05:27:02 2023: debug_checks: start: bashbot.sh startbot
Thu Jul  6 05:27:15 2023: debug_checks: start: bashbot.sh start
Thu Jul  6 05:27:15 2023: debug_checks: start: bashbot.sh startbot
Thu Jul  6 05:27:27 2023: debug_checks: start: bashbot.sh start
Thu Jul  6 05:27:27 2023: debug_checks: start: bashbot.sh startbot
Thu Jul  6 05:28:35 2023: debug_checks: start: bashbot.sh start
Thu Jul  6 05:28:35 2023: debug_checks: start: bashbot.sh startbot
Thu Jul  6 05:28:40 2023: debug_checks: start: bashbot.sh start
Thu Jul  6 05:28:40 2023: debug_checks: start: bashbot.sh startbot
Thu Jul  6 05:29:24 2023: debug_checks: start: bashbot.sh start
Thu Jul  6 05:29:25 2023: debug_checks: start: bashbot.sh startbot
Thu Jul  6 05:29:26 2023: debug_checks: end start: bashbot.sh start
Thu Jul  6 05:30:01 2023: debug_checks: start: bashbot.sh start
Thu Jul  6 05:30:02 2023: debug_checks: start: bashbot.sh startbot
Thu Jul  6 05:30:08 2023: debug_checks: start: bashbot.sh start
Thu Jul  6 05:30:08 2023: debug_checks: start: bashbot.sh startbot
Thu Jul  6 05:30:17 2023: debug_checks: start: bashbot.sh start
Thu Jul  6 05:30:17 2023: debug_checks: start: bashbot.sh startbot
Thu Jul  6 05:31:00 2023: debug_checks: start: bashbot.sh start
Thu Jul  6 05:31:00 2023: debug_checks: start: bashbot.sh startbot
Thu Jul  6 05:31:19 2023: debug_checks: start: bashbot.sh start
Thu Jul  6 05:31:19 2023: debug_checks: start: bashbot.sh startbot
Thu Jul  6 05:31:28 2023: debug_checks: start: bashbot.sh start
Thu Jul  6 05:31:28 2023: debug_checks: start: bashbot.sh startbot
Thu Jul  6 05:31:44 2023: debug_checks: start: bashbot.sh start
Thu Jul  6 05:31:44 2023: debug_checks: start: bashbot.sh startbot
Thu Jul  6 05:32:18 2023: debug_checks: start: bashbot.sh start
Thu Jul  6 05:32:18 2023: debug_checks: start: bashbot.sh startbot
Thu Jul  6 05:32:19 2023: debug_checks: end start: bashbot.sh start
Thu Jul  6 05:44:54 2023: debug_checks: start: bashbot.sh start
Thu Jul  6 05:44:54 2023: debug_checks: start: bashbot.sh startbot
Thu Jul  6 05:49:14 2023: debug_checks: start: bashbot.sh start
Thu Jul  6 05:49:14 2023: debug_checks: start: bashbot.sh startbot
Thu Jul  6 05:49:15 2023: debug_checks: end start: bashbot.sh start
Thu Jul  6 05:50:35 2023: debug_checks: start: bashbot.sh status
Thu Jul  6 05:52:47 2023: debug_checks: start: bashbot.sh start
Thu Jul  6 05:52:47 2023: debug_checks: start: bashbot.sh startbot
Thu Jul  6 05:52:48 2023: debug_checks: end start: bashbot.sh start
Thu Jul  6 05:53:33 2023: debug_checks: start: bashbot.sh stop
Thu Jul  6 05:53:33 2023: debug_checks: end stop: bashbot.sh stop
Thu Jul  6 05:53:51 2023: debug_checks: start: bashbot.sh start
Thu Jul  6 05:53:51 2023: debug_checks: start: bashbot.sh startbot
Thu Jul  6 05:53:52 2023: debug_checks: end start: bashbot.sh start
Thu Jul  6 05:54:09 2023: debug_checks: start: bashbot.sh stop
Thu Jul  6 05:54:09 2023: debug_checks: end stop: bashbot.sh stop
Thu Jul  6 05:54:15 2023: debug_checks: start: bashbot.sh start
Thu Jul  6 05:54:15 2023: debug_checks: start: bashbot.sh startbot
Thu Jul  6 05:54:16 2023: debug_checks: end start: bashbot.sh start
Thu Jul  6 05:54:32 2023: debug_checks: start: bashbot.sh start
Thu Jul  6 05:54:32 2023: debug_checks: start: bashbot.sh startbot
Thu Jul  6 05:54:38 2023: debug_checks: start: bashbot.sh start
Thu Jul  6 05:54:39 2023: debug_checks: start: bashbot.sh startbot
Thu Jul  6 05:54:58 2023: debug_checks: start: bashbot.sh start
Thu Jul  6 05:54:58 2023: debug_checks: start: bashbot.sh startbot
Thu Jul  6 05:55:05 2023: debug_checks: start: bashbot.sh start
Thu Jul  6 05:55:05 2023: debug_checks: start: bashbot.sh startbot
Thu Jul  6 05:56:12 2023: debug_checks: start: bashbot.sh startbot
Thu Jul  6 06:03:01 2023: debug_checks: start: bashbot.sh start
Thu Jul  6 06:03:02 2023: debug_checks: start: bashbot.sh startbot
Thu Jul  6 06:03:08 2023: debug_checks: start: bashbot.sh start
Thu Jul  6 06:03:08 2023: debug_checks: start: bashbot.sh startbot
Thu Jul  6 06:08:09 2023: debug_checks: start: bashbot.sh start
Thu Jul  6 06:08:09 2023: debug_checks: start: bashbot.sh startbot
Thu Jul  6 06:08:09 2023: BASHBOT startup actions, mode set to "debug" ==========
Thu Jul  6 06:08:09 2023: Bot startup actions done, start polling updates ...
Thu Jul  6 06:08:10 2023: debug_checks: end start: bashbot.sh start
/home/t.mukhametshin/telegram-bot-bash/addons/antiFlood.sh: line 102: ,level: syntax error: operand expected (error token is ",level")
Thu Jul  6 06:09:02 2023: debug_checks: start: bashbot.sh start
Thu Jul  6 06:09:02 2023: debug_checks: start: bashbot.sh startbot
Thu Jul  6 06:09:02 2023: BASHBOT startup actions, mode set to "debug" ==========
Thu Jul  6 06:09:02 2023: Bot startup actions done, start polling updates ...
/home/t.mukhametshin/telegram-bot-bash/addons/antiFlood.sh: line 102: ,level: syntax error: operand expected (error token is ",level")
Thu Jul  6 06:09:48 2023: debug_checks: start: bashbot.sh start
Thu Jul  6 06:09:48 2023: debug_checks: start: bashbot.sh startbot
Thu Jul  6 06:09:48 2023: BASHBOT startup actions, mode set to "debug" ==========
Thu Jul  6 06:09:48 2023: Bot startup actions done, start polling updates ...
/home/t.mukhametshin/telegram-bot-bash/addons/antiFlood.sh: line 102: ,level: syntax error: operand expected (error token is ",level")
Thu Jul  6 06:13:42 2023: debug_checks: start: bashbot.sh start
Thu Jul  6 06:13:42 2023: debug_checks: start: bashbot.sh startbot
Thu Jul  6 06:13:42 2023: BASHBOT startup actions, mode set to "debug" ==========
Thu Jul  6 06:13:42 2023: Bot startup actions done, start polling updates ...
Thu Jul  6 06:13:43 2023: debug_checks: end start: bashbot.sh start
