sb type: 
sb 2: 
sb type: 
sb 2: 
sb: startbot--dba_almaty_bot-startbot
sb type: 
sb 2: 
sb: startbot--dba_almaty_bot-startbot
sb type: 
sb 2: 
sb: startbot--dba_almaty_bot-startbot
sb type: 
sb 2: 
sb: startbot--dba_almaty_bot-startbot
sb type: 
sb 2: 
sb: startbot--dba_almaty_bot-startbot
sb type: 
sb 2: 
sb: startbot--dba_almaty_bot-startbot
sb type: 
sb 2: 
Thu Jul  6 04:59:16 2023: Bot startup actions done, start polling updates ...
/home/t.mukhametshin/telegram-bot-bash/addons/antiFlood.sh: line 102: ,level: syntax error: operand expected (error token is ",level")
sb: startbot--dba_almaty_bot-startbot
sb type: 
sb 2: 
Thu Jul  6 04:59:25 2023: Bot startup actions done, start polling updates ...
/home/t.mukhametshin/telegram-bot-bash/addons/antiFlood.sh: line 102: ,level: syntax error: operand expected (error token is ",level")
sb: startbot--dba_almaty_bot-startbot
sb type: 
sb 2: 
Thu Jul  6 05:12:29 2023: Bot startup actions done, start polling updates ...
/home/t.mukhametshin/telegram-bot-bash/addons/antiFlood.sh: line 102: ,level: syntax error: operand expected (error token is ",level")
sb: startbot--dba_almaty_bot-startbot
sb type: 
sb 2: 
Thu Jul  6 05:21:01 2023: Bot startup actions done, start polling updates ...
/home/t.mukhametshin/telegram-bot-bash/addons/antiFlood.sh: line 102: ,level: syntax error: operand expected (error token is ",level")
sb: startbot--dba_almaty_bot-startbot
sb type: 
sb 2: 
Thu Jul  6 05:21:07 2023: Bot startup actions done, start polling updates ...
/home/t.mukhametshin/telegram-bot-bash/addons/antiFlood.sh: line 102: ,level: syntax error: operand expected (error token is ",level")
sb: startbot--dba_almaty_bot-startbot
sb type: 
sb 2: 
Thu Jul  6 05:21:15 2023: Bot startup actions done, start polling updates ...
/home/t.mukhametshin/telegram-bot-bash/addons/antiFlood.sh: line 102: ,level: syntax error: operand expected (error token is ",level")
sb: startbot--_bot-startbot
sb type: 
sb 2: 
Thu Jul  6 05:26:07 2023: Bot startup actions done, start polling updates ...
/home/t.mukhametshin/telegram-bot-bash/addons/antiFlood.sh: line 102: ,level: syntax error: operand expected (error token is ",level")
sb: startbot--_bot-startbot
sb type: 
sb 2: 
Thu Jul  6 05:26:24 2023: Bot startup actions done, start polling updates ...
/home/t.mukhametshin/telegram-bot-bash/addons/antiFlood.sh: line 102: ,level: syntax error: operand expected (error token is ",level")
sb: startbot--_bot-startbot
sb type: 
sb 2: 
Thu Jul  6 05:26:29 2023: Bot startup actions done, start polling updates ...
/home/t.mukhametshin/telegram-bot-bash/addons/antiFlood.sh: line 102: ,level: syntax error: operand expected (error token is ",level")
sb: startbot--dba_almaty_bot-startbot
sb type: 
sb 2: 
Thu Jul  6 05:27:02 2023: Bot startup actions done, start polling updates ...
/home/t.mukhametshin/telegram-bot-bash/addons/antiFlood.sh: line 102: ,level: syntax error: operand expected (error token is ",level")
sb: startbot--dba_almaty_bot-startbot
sb type: 
sb 2: 
Thu Jul  6 05:27:15 2023: Bot startup actions done, start polling updates ...
/home/t.mukhametshin/telegram-bot-bash/addons/antiFlood.sh: line 102: ,level: syntax error: operand expected (error token is ",level")
sb: startbot--dba_almaty_bot-startbot
sb type: 
sb 2: 
Thu Jul  6 05:27:28 2023: Bot startup actions done, start polling updates ...
/home/t.mukhametshin/telegram-bot-bash/addons/antiFlood.sh: line 102: ,level: syntax error: operand expected (error token is ",level")
sb: startbot--dba_almaty_bot-startbot
sb type: 
sb 2: 
Thu Jul  6 05:28:35 2023: Bot startup actions done, start polling updates ...
/home/t.mukhametshin/telegram-bot-bash/addons/antiFlood.sh: line 102: ,level: syntax error: operand expected (error token is ",level")
sb: startbot--dba_almaty_bot-startbot
sb type: 
sb 2: 
Thu Jul  6 05:28:40 2023: Bot startup actions done, start polling updates ...
/home/t.mukhametshin/telegram-bot-bash/addons/antiFlood.sh: line 102: ,level: syntax error: operand expected (error token is ",level")
sb: startbot--dba_almaty_bot-startbot
sb type: 
sb 2: 
Thu Jul  6 05:29:25 2023: Bot startup actions done, start polling updates ...
/home/t.mukhametshin/telegram-bot-bash/addons/antiFlood.sh: line 102: ,level: syntax error: operand expected (error token is ",level")
sb: startbot--dba_almaty_bot-startbot
sb type: 
sb 2: 
Thu Jul  6 05:30:02 2023: Bot startup actions done, start polling updates ...
/home/t.mukhametshin/telegram-bot-bash/addons/antiFlood.sh: line 102: ,level: syntax error: operand expected (error token is ",level")
sb: startbot--dba_almaty_bot-startbot
sb type: 
sb 2: 
Thu Jul  6 05:30:08 2023: Bot startup actions done, start polling updates ...
/home/t.mukhametshin/telegram-bot-bash/addons/antiFlood.sh: line 102: ,level: syntax error: operand expected (error token is ",level")
sb: startbot--dba_almaty_bot-startbot
sb type: 
sb 2: 
Thu Jul  6 05:30:17 2023: Bot startup actions done, start polling updates ...
/home/t.mukhametshin/telegram-bot-bash/addons/antiFlood.sh: line 102: ,level: syntax error: operand expected (error token is ",level")
sb: startbot--dba_almaty_bot-startbot
sb type: 
sb 2: 
Thu Jul  6 05:31:01 2023: Bot startup actions done, start polling updates ...
/home/t.mukhametshin/telegram-bot-bash/addons/antiFlood.sh: line 102: ,level: syntax error: operand expected (error token is ",level")
sb: startbot--dba_almaty_bot-startbot
sb type: 
sb 2: 
Thu Jul  6 05:31:20 2023: Bot startup actions done, start polling updates ...
/home/t.mukhametshin/telegram-bot-bash/addons/antiFlood.sh: line 102: ,level: syntax error: operand expected (error token is ",level")
sb: startbot--dba_almaty_bot-startbot
sb type: 
sb 2: 
Thu Jul  6 05:31:28 2023: Bot startup actions done, start polling updates ...
/home/t.mukhametshin/telegram-bot-bash/addons/antiFlood.sh: line 102: ,level: syntax error: operand expected (error token is ",level")
sb: startbot--dba_almaty_bot-startbot
sb type: 
sb 2: 
Thu Jul  6 05:31:44 2023: Bot startup actions done, start polling updates ...
/home/t.mukhametshin/telegram-bot-bash/addons/antiFlood.sh: line 102: ,level: syntax error: operand expected (error token is ",level")
sb: startbot--dba_almaty_bot-startbot
sb type: 
sb 2: 
Thu Jul  6 05:32:18 2023: Bot startup actions done, start polling updates ...
/home/t.mukhametshin/telegram-bot-bash/addons/antiFlood.sh: line 102: ,level: syntax error: operand expected (error token is ",level")
sb: startbot--dba_almaty_bot-startbot
sb type: 
sb 2: 
Thu Jul  6 05:44:55 2023: Bot startup actions done, start polling updates ...
/home/t.mukhametshin/telegram-bot-bash/addons/antiFlood.sh: line 102: ,level: syntax error: operand expected (error token is ",level")
Thu Jul  6 05:49:15 2023: Bot startup actions done, start polling updates ...
/home/t.mukhametshin/telegram-bot-bash/addons/antiFlood.sh: line 102: ,level: syntax error: operand expected (error token is ",level")
Thu Jul  6 05:52:47 2023: Bot startup actions done, start polling updates ...
Thu Jul  6 05:53:51 2023: Bot startup actions done, start polling updates ...
Thu Jul  6 05:54:15 2023: Bot startup actions done, start polling updates ...
/home/t.mukhametshin/telegram-bot-bash/addons/antiFlood.sh: line 102: ,level: syntax error: operand expected (error token is ",level")
Thu Jul  6 05:54:32 2023: Bot startup actions done, start polling updates ...
/home/t.mukhametshin/telegram-bot-bash/addons/antiFlood.sh: line 102: ,level: syntax error: operand expected (error token is ",level")
Thu Jul  6 05:54:39 2023: Bot startup actions done, start polling updates ...
/home/t.mukhametshin/telegram-bot-bash/addons/antiFlood.sh: line 102: ,level: syntax error: operand expected (error token is ",level")
Thu Jul  6 05:54:58 2023: Bot startup actions done, start polling updates ...
/home/t.mukhametshin/telegram-bot-bash/addons/antiFlood.sh: line 102: ,level: syntax error: operand expected (error token is ",level")
Thu Jul  6 05:55:06 2023: Bot startup actions done, start polling updates ...
/home/t.mukhametshin/telegram-bot-bash/addons/antiFlood.sh: line 102: ,level: syntax error: operand expected (error token is ",level")
Thu Jul  6 06:03:02 2023: Bot startup actions done, start polling updates ...
/home/t.mukhametshin/telegram-bot-bash/addons/antiFlood.sh: line 102: ,level: syntax error: operand expected (error token is ",level")
Thu Jul  6 06:03:08 2023: Bot startup actions done, start polling updates ...
/home/t.mukhametshin/telegram-bot-bash/addons/antiFlood.sh: line 102: ,level: syntax error: operand expected (error token is ",level")
